0 verbose cli /usr/local/bin/node /usr/local/bin/npm
1 info using npm@11.12.1
2 info using node@v24.15.0
3 silly config load:file:/usr/local/lib/node_modules/npm/npmrc
4 info config found workspace root at /Users/bagja/Desktop/kkp-project/test-iq-ku
5 silly config load:file:/Users/bagja/Desktop/kkp-project/test-iq-ku/.npmrc
6 silly config load:file:/Users/bagja/.npmrc
7 silly config load:file:/usr/local/etc/npmrc
8 verbose title npm run dev
9 verbose argv "run" "dev"
10 verbose logfile logs-max:10 dir:/Users/bagja/Desktop/kkp-project/test-iq-ku/apps/web/.npm-cache/_logs/2026-04-26T02_02_18_024Z-
11 verbose logfile /Users/bagja/Desktop/kkp-project/test-iq-ku/apps/web/.npm-cache/_logs/2026-04-26T02_02_18_024Z-debug-0.log
12 silly logfile start cleaning logs, removing 1 files
13 silly logfile done cleaning log files
14 verbose stack Error: command failed
14 verbose stack     at promiseSpawn (/usr/local/lib/node_modules/npm/node_modules/@npmcli/promise-spawn/lib/index.js:22:22)
14 verbose stack     at spawnWithShell (/usr/local/lib/node_modules/npm/node_modules/@npmcli/promise-spawn/lib/index.js:124:10)
14 verbose stack     at promiseSpawn (/usr/local/lib/node_modules/npm/node_modules/@npmcli/promise-spawn/lib/index.js:12:12)
14 verbose stack     at runScriptPkg (/usr/local/lib/node_modules/npm/node_modules/@npmcli/run-script/lib/run-script-pkg.js:79:13)
14 verbose stack     at runScript (/usr/local/lib/node_modules/npm/node_modules/@npmcli/run-script/lib/run-script.js:9:12)
14 verbose stack     at #run (/usr/local/lib/node_modules/npm/lib/commands/run.js:136:13)
14 verbose stack     at RunScript.execWorkspaces (/usr/local/lib/node_modules/npm/lib/commands/run.js:67:24)
14 verbose stack     at async Npm.exec (/usr/local/lib/node_modules/npm/lib/npm.js:193:9)
14 verbose stack     at async module.exports (/usr/local/lib/node_modules/npm/lib/cli/entry.js:67:5)
15 verbose pkgid @iq/web@0.0.1
16 error Lifecycle script `dev` failed with error:
17 error code 1
18 error path /Users/bagja/Desktop/kkp-project/test-iq-ku/apps/web
19 error workspace @iq/web@0.0.1
20 error location /Users/bagja/Desktop/kkp-project/test-iq-ku/apps/web
21 error command failed
22 error command sh -c next dev --turbopack
23 verbose cwd /Users/bagja/Desktop/kkp-project/test-iq-ku/apps/web
24 verbose os Darwin 25.4.0
25 verbose node v24.15.0
26 verbose npm  v11.12.1
27 verbose exit 1
28 verbose code 1
