0 verbose cli /usr/local/bin/node /usr/local/bin/npm
1 info using npm@11.12.1
2 info using node@v24.15.0
3 silly config load:file:/usr/local/lib/node_modules/npm/npmrc
4 info config found workspace root at /Users/bagja/Desktop/kkp-project/test-iq-ku
5 silly config load:file:/Users/bagja/Desktop/kkp-project/test-iq-ku/.npmrc
6 silly config load:file:/Users/bagja/.npmrc
7 silly config load:file:/usr/local/etc/npmrc
8 verbose title npm run dev
9 verbose argv "run" "dev"
10 verbose logfile logs-max:10 dir:/Users/bagja/Desktop/kkp-project/test-iq-ku/apps/web/.npm-cache/_logs/2026-04-25T17_13_34_762Z-
11 verbose logfile /Users/bagja/Desktop/kkp-project/test-iq-ku/apps/web/.npm-cache/_logs/2026-04-25T17_13_34_762Z-debug-0.log
12 silly logfile start cleaning logs, removing 1 files
13 silly logfile done cleaning log files
14 http fetch GET 200 https://registry.npmjs.org/npm 165ms
15 verbose stack Error: command failed
15 verbose stack     at promiseSpawn (/usr/local/lib/node_modules/npm/node_modules/@npmcli/promise-spawn/lib/index.js:22:22)
15 verbose stack     at spawnWithShell (/usr/local/lib/node_modules/npm/node_modules/@npmcli/promise-spawn/lib/index.js:124:10)
15 verbose stack     at promiseSpawn (/usr/local/lib/node_modules/npm/node_modules/@npmcli/promise-spawn/lib/index.js:12:12)
15 verbose stack     at runScriptPkg (/usr/local/lib/node_modules/npm/node_modules/@npmcli/run-script/lib/run-script-pkg.js:79:13)
15 verbose stack     at runScript (/usr/local/lib/node_modules/npm/node_modules/@npmcli/run-script/lib/run-script.js:9:12)
15 verbose stack     at #run (/usr/local/lib/node_modules/npm/lib/commands/run.js:136:13)
15 verbose stack     at RunScript.execWorkspaces (/usr/local/lib/node_modules/npm/lib/commands/run.js:67:24)
15 verbose stack     at async Npm.exec (/usr/local/lib/node_modules/npm/lib/npm.js:193:9)
15 verbose stack     at async module.exports (/usr/local/lib/node_modules/npm/lib/cli/entry.js:67:5)
16 verbose pkgid @iq/web@0.0.1
17 error Lifecycle script `dev` failed with error:
18 error code 1
19 error path /Users/bagja/Desktop/kkp-project/test-iq-ku/apps/web
20 error workspace @iq/web@0.0.1
21 error location /Users/bagja/Desktop/kkp-project/test-iq-ku/apps/web
22 error command failed
23 error command sh -c next dev --turbopack
24 verbose cwd /Users/bagja/Desktop/kkp-project/test-iq-ku/apps/web
25 verbose os Darwin 25.4.0
26 verbose node v24.15.0
27 verbose npm  v11.12.1
28 notice
28 notice New [33mminor[39m version of npm available! [33m11.12.1[39m -> [34m11.13.0[39m
28 notice Changelog: [34mhttps://github.com/npm/cli/releases/tag/v11.13.0[39m
28 notice To update run: [4mnpm install -g npm@11.13.0[24m
28 notice  { force: true, Symbol(proc-log.meta): true }
29 verbose exit 1
30 verbose code 1
