0 verbose cli /usr/local/bin/node /usr/local/bin/npm
1 info using npm@11.12.1
2 info using node@v24.15.0
3 silly config load:file:/usr/local/lib/node_modules/npm/npmrc
4 info config found workspace root at /Users/bagja/Desktop/kkp-project/test-iq-ku
5 silly config load:file:/Users/bagja/Desktop/kkp-project/test-iq-ku/.npmrc
6 silly config load:file:/Users/bagja/.npmrc
7 silly config load:file:/usr/local/etc/npmrc
8 verbose title npm run dev
9 verbose argv "run" "dev"
10 verbose logfile logs-max:10 dir:/Users/bagja/Desktop/kkp-project/test-iq-ku/apps/web/.npm-cache/_logs/2026-04-26T11_10_13_012Z-
11 verbose logfile /Users/bagja/Desktop/kkp-project/test-iq-ku/apps/web/.npm-cache/_logs/2026-04-26T11_10_13_012Z-debug-0.log
12 silly logfile done cleaning log files
13 http fetch GET 200 https://registry.npmjs.org/npm 281ms
14 verbose cwd /Users/bagja/Desktop/kkp-project/test-iq-ku/apps/web
15 verbose os Darwin 25.4.0
16 verbose node v24.15.0
17 verbose npm  v11.12.1
18 notice
18 notice New [33mminor[39m version of npm available! [33m11.12.1[39m -> [34m11.13.0[39m
18 notice Changelog: [34mhttps://github.com/npm/cli/releases/tag/v11.13.0[39m
18 notice To update run: [4mnpm install -g npm@11.13.0[24m
18 notice  { force: true, Symbol(proc-log.meta): true }
19 verbose exit 0
20 info ok
