0 verbose cli /usr/local/bin/node /usr/local/bin/npm
1 info using npm@11.12.1
2 info using node@v24.15.0
3 silly config load:file:/usr/local/lib/node_modules/npm/npmrc
4 info config found workspace root at /Users/bagja/Desktop/kkp-project/test-iq-ku
5 silly config load:file:/Users/bagja/Desktop/kkp-project/test-iq-ku/.npmrc
6 silly config load:file:/Users/bagja/.npmrc
7 silly config load:file:/usr/local/etc/npmrc
8 verbose title npm run de
9 verbose argv "run" "de"
10 verbose logfile logs-max:10 dir:/Users/bagja/Desktop/kkp-project/test-iq-ku/apps/web/.npm-cache/_logs/2026-05-01T07_02_34_720Z-
11 verbose logfile /Users/bagja/Desktop/kkp-project/test-iq-ku/apps/web/.npm-cache/_logs/2026-05-01T07_02_34_720Z-debug-0.log
12 silly logfile done cleaning log files
13 verbose stack Error: Missing script: "de"
13 verbose stack
13 verbose stack To see a list of scripts, run:
13 verbose stack   npm run --workspace=@iq/web@0.0.1
13 verbose stack     at #run (/usr/local/lib/node_modules/npm/lib/commands/run.js:115:13)
13 verbose stack     at RunScript.execWorkspaces (/usr/local/lib/node_modules/npm/lib/commands/run.js:67:24)
13 verbose stack     at async Npm.exec (/usr/local/lib/node_modules/npm/lib/npm.js:193:9)
13 verbose stack     at async module.exports (/usr/local/lib/node_modules/npm/lib/cli/entry.js:67:5)
14 error Lifecycle script `de` failed with error:
15 error workspace @iq/web@0.0.1
16 error location /Users/bagja/Desktop/kkp-project/test-iq-ku/apps/web
17 error Missing script: "de"
17 error
17 error To see a list of scripts, run:
17 error   npm run --workspace=@iq/web@0.0.1
18 verbose cwd /Users/bagja/Desktop/kkp-project/test-iq-ku/apps/web
19 verbose os Darwin 25.4.0
20 verbose node v24.15.0
21 verbose npm  v11.12.1
22 verbose exit 1
23 verbose code 1
